# JRE version: Java(TM) SE Runtime Environment (7.0_25-b15) (build 1.7.0_25-b15)
# Java VM: OpenJDK 64-Bit Graal VM (25.0-b37-internal-fastdebug mixed mode bsd-amd64 compressed oops)
Heap:
 PSYoungGen      total 9728K, used 3031K [0x00000007faa80000, 0x00000007fbd80000, 0x0000000800000000)
  eden space 9216K, 27% used [0x00000007faa80000,0x00000007facf9c08,0x00000007fb380000)
  from space 512K, 96% used [0x00000007fb380000,0x00000007fb3fc010,0x00000007fb400000)
  to   space 512K, 0% used [0x00000007fbd00000,0x00000007fbd00000,0x00000007fbd80000)
 ParOldGen       total 10752K, used 2065K [0x00000007f0000000, 0x00000007f0a80000, 0x00000007faa80000)
  object space 10752K, 19% used [0x00000007f0000000,0x00000007f0204438,0x00000007f0a80000)
 Metaspace total 11908K, used 11579K, reserved 114688K
  data space     10488K, used 10219K, reserved 12288K
  class space    1420K, used 1360K, reserved 102400K
GC Heap History (6 events):
Event: 1.392 GC heap before
{Heap before GC invocations=1 (full 0):
 PSYoungGen      total 5120K, used 4608K [0x00000007faa80000, 0x00000007fb000000, 0x0000000800000000)
  eden space 4608K, 100% used [0x00000007faa80000,0x00000007faf00000,0x00000007faf00000)
  from space 512K, 0% used [0x00000007faf80000,0x00000007faf80000,0x00000007fb000000)
  to   space 512K, 0% used [0x00000007faf00000,0x00000007faf00000,0x00000007faf80000)
 ParOldGen       total 10752K, used 0K [0x00000007f0000000, 0x00000007f0a80000, 0x00000007faa80000)
  object space 10752K, 0% used [0x00000007f0000000,0x00000007f0000000,0x00000007f0a80000)
 Metaspace total 6710K, used 6599K, reserved 110592K
  data space     5937K, used 5849K, reserved 8192K
  class space    773K, used 750K, reserved 102400K
Event: 1.412 GC heap after
Heap after GC invocations=1 (full 0):
 PSYoungGen      total 5120K, used 512K [0x00000007faa80000, 0x00000007fb480000, 0x0000000800000000)
  eden space 4608K, 0% used [0x00000007faa80000,0x00000007faa80000,0x00000007faf00000)
  from space 512K, 100% used [0x00000007faf00000,0x00000007faf80000,0x00000007faf80000)
  to   space 512K, 0% used [0x00000007fb400000,0x00000007fb400000,0x00000007fb480000)
 ParOldGen       total 10752K, used 929K [0x00000007f0000000, 0x00000007f0a80000, 0x00000007faa80000)
  object space 10752K, 8% used [0x00000007f0000000,0x00000007f00e8408,0x00000007f0a80000)
 Metaspace total 6710K, used 6599K, reserved 110592K
  data space     5937K, used 5849K, reserved 8192K
  class space    773K, used 750K, reserved 102400K
}
Event: 1.886 GC heap before
{Heap before GC invocations=2 (full 0):
 PSYoungGen      total 5120K, used 5120K [0x00000007faa80000, 0x00000007fb480000, 0x0000000800000000)
  eden space 4608K, 100% used [0x00000007faa80000,0x00000007faf00000,0x00000007faf00000)
  from space 512K, 100% used [0x00000007faf00000,0x00000007faf80000,0x00000007faf80000)
  to   space 512K, 0% used [0x00000007fb400000,0x00000007fb400000,0x00000007fb480000)
 ParOldGen       total 10752K, used 929K [0x00000007f0000000, 0x00000007f0a80000, 0x00000007faa80000)
  object space 10752K, 8% used [0x00000007f0000000,0x00000007f00e8408,0x00000007f0a80000)
 Metaspace total 8198K, used 7983K, reserved 110592K
  data space     7243K, used 7064K, reserved 8192K
  class space    955K, used 919K, reserved 102400K
Event: 1.897 GC heap after
Heap after GC invocations=2 (full 0):
 PSYoungGen      total 9728K, used 496K [0x00000007faa80000, 0x00000007fb480000, 0x0000000800000000)
  eden space 9216K, 0% used [0x00000007faa80000,0x00000007faa80000,0x00000007fb380000)
  from space 512K, 96% used [0x00000007fb400000,0x00000007fb47c010,0x00000007fb480000)
  to   space 512K, 0% used [0x00000007fb380000,0x00000007fb380000,0x00000007fb400000)
 ParOldGen       total 10752K, used 1249K [0x00000007f0000000, 0x00000007f0a80000, 0x00000007faa80000)
  object space 10752K, 11% used [0x00000007f0000000,0x00000007f0138418,0x00000007f0a80000)
 Metaspace total 8198K, used 7983K, reserved 110592K
  data space     7243K, used 7064K, reserved 8192K
  class space    955K, used 919K, reserved 102400K
}
Event: 2.950 GC heap before
{Heap before GC invocations=3 (full 0):
 PSYoungGen      total 9728K, used 9712K [0x00000007faa80000, 0x00000007fb480000, 0x0000000800000000)
  eden space 9216K, 100% used [0x00000007faa80000,0x00000007fb380000,0x00000007fb380000)
  from space 512K, 96% used [0x00000007fb400000,0x00000007fb47c010,0x00000007fb480000)
  to   space 512K, 0% used [0x00000007fb380000,0x00000007fb380000,0x00000007fb400000)
 ParOldGen       total 10752K, used 1249K [0x00000007f0000000, 0x00000007f0a80000, 0x00000007faa80000)
  object space 10752K, 11% used [0x00000007f0000000,0x00000007f0138418,0x00000007f0a80000)
 Metaspace total 11700K, used 11378K, reserved 114688K
  data space     10296K, used 10036K, reserved 12288K
  class space    1404K, used 1341K, reserved 102400K
Event: 3.009 GC heap after
Heap after GC invocations=3 (full 0):
 PSYoungGen      total 9728K, used 496K [0x00000007faa80000, 0x00000007fbd80000, 0x0000000800000000)
  eden space 9216K, 0% used [0x00000007faa80000,0x00000007faa80000,0x00000007fb380000)
  from space 512K, 96% used [0x00000007fb380000,0x00000007fb3fc010,0x00000007fb400000)
  to   space 512K, 0% used [0x00000007fbd00000,0x00000007fbd00000,0x00000007fbd80000)
 ParOldGen       total 10752K, used 2065K [0x00000007f0000000, 0x00000007f0a80000, 0x00000007faa80000)
  object space 10752K, 19% used [0x00000007f0000000,0x00000007f0204438,0x00000007f0a80000)
 Metaspace total 11700K, used 11378K, reserved 114688K
  data space     10296K, used 10036K, reserved 12288K
  class space    1404K, used 1341K, reserved 102400K
}

