# JRE version: Java(TM) SE Runtime Environment (7.0_17-b02) (build 1.7.0_17-b02)
# Java VM: OpenJDK 64-Bit Graal VM (25.0-b37-internal-fastdebug mixed mode bsd-amd64 compressed oops)
Heap:
 PSYoungGen      total 9728K, used 4363K [0x00000007faa80000, 0x00000007fb480000, 0x0000000800000000)
  eden space 9216K, 41% used [0x00000007faa80000,0x00000007fae46d38,0x00000007fb380000)
  from space 512K, 96% used [0x00000007fb400000,0x00000007fb47c018,0x00000007fb480000)
  to   space 512K, 0% used [0x00000007fb380000,0x00000007fb380000,0x00000007fb400000)
 ParOldGen       total 10752K, used 2365K [0x00000007f0000000, 0x00000007f0a80000, 0x00000007faa80000)
  object space 10752K, 22% used [0x00000007f0000000,0x00000007f024f7b0,0x00000007f0a80000)
 Metaspace total 11704K, used 11427K, reserved 14336K
  data space     10301K, used 10085K, reserved 12288K
  class space    1403K, used 1341K, reserved 2048K
GC Heap History (8 events):
Event: 0.994 GC heap before
{Heap before GC invocations=1 (full 0):
 PSYoungGen      total 5120K, used 4608K [0x00000007faa80000, 0x00000007fb000000, 0x0000000800000000)
  eden space 4608K, 100% used [0x00000007faa80000,0x00000007faf00000,0x00000007faf00000)
  from space 512K, 0% used [0x00000007faf80000,0x00000007faf80000,0x00000007fb000000)
  to   space 512K, 0% used [0x00000007faf00000,0x00000007faf00000,0x00000007faf80000)
 ParOldGen       total 10752K, used 0K [0x00000007f0000000, 0x00000007f0a80000, 0x00000007faa80000)
  object space 10752K, 0% used [0x00000007f0000000,0x00000007f0000000,0x00000007f0a80000)
 Metaspace total 6698K, used 6564K, reserved 10240K
  data space     5937K, used 5829K, reserved 8192K
  class space    761K, used 735K, reserved 2048K
Event: 1.005 GC heap after
Heap after GC invocations=1 (full 0):
 PSYoungGen      total 5120K, used 496K [0x00000007faa80000, 0x00000007fb000000, 0x0000000800000000)
  eden space 4608K, 0% used [0x00000007faa80000,0x00000007faa80000,0x00000007faf00000)
  from space 512K, 96% used [0x00000007faf00000,0x00000007faf7c018,0x00000007faf80000)
  to   space 512K, 0% used [0x00000007faf80000,0x00000007faf80000,0x00000007fb000000)
 ParOldGen       total 10752K, used 1009K [0x00000007f0000000, 0x00000007f0a80000, 0x00000007faa80000)
  object space 10752K, 9% used [0x00000007f0000000,0x00000007f00fc418,0x00000007f0a80000)
 Metaspace total 6698K, used 6564K, reserved 10240K
  data space     5937K, used 5829K, reserved 8192K
  class space    761K, used 735K, reserved 2048K
}
Event: 1.367 GC heap before
{Heap before GC invocations=2 (full 0):
 PSYoungGen      total 5120K, used 5104K [0x00000007faa80000, 0x00000007fb000000, 0x0000000800000000)
  eden space 4608K, 100% used [0x00000007faa80000,0x00000007faf00000,0x00000007faf00000)
  from space 512K, 96% used [0x00000007faf00000,0x00000007faf7c018,0x00000007faf80000)
  to   space 512K, 0% used [0x00000007faf80000,0x00000007faf80000,0x00000007fb000000)
 ParOldGen       total 10752K, used 1009K [0x00000007f0000000, 0x00000007f0a80000, 0x00000007faa80000)
  object space 10752K, 9% used [0x00000007f0000000,0x00000007f00fc418,0x00000007f0a80000)
 Metaspace total 7006K, used 6845K, reserved 10240K
  data space     6203K, used 6071K, reserved 8192K
  class space    803K, used 774K, reserved 2048K
Event: 1.380 GC heap after
Heap after GC invocations=2 (full 0):
 PSYoungGen      total 5120K, used 496K [0x00000007faa80000, 0x00000007fb480000, 0x0000000800000000)
  eden space 4608K, 0% used [0x00000007faa80000,0x00000007faa80000,0x00000007faf00000)
  from space 512K, 96% used [0x00000007faf80000,0x00000007faffc018,0x00000007fb000000)
  to   space 512K, 0% used [0x00000007faf00000,0x00000007faf00000,0x00000007faf80000)
 ParOldGen       total 10752K, used 1233K [0x00000007f0000000, 0x00000007f0a80000, 0x00000007faa80000)
  object space 10752K, 11% used [0x00000007f0000000,0x00000007f0134418,0x00000007f0a80000)
 Metaspace total 7006K, used 6845K, reserved 10240K
  data space     6203K, used 6071K, reserved 8192K
  class space    803K, used 774K, reserved 2048K
}
Event: 1.871 GC heap before
{Heap before GC invocations=3 (full 0):
 PSYoungGen      total 5120K, used 5104K [0x00000007faa80000, 0x00000007fb480000, 0x0000000800000000)
  eden space 4608K, 100% used [0x00000007faa80000,0x00000007faf00000,0x00000007faf00000)
  from space 512K, 96% used [0x00000007faf80000,0x00000007faffc018,0x00000007fb000000)
  to   space 512K, 0% used [0x00000007faf00000,0x00000007faf00000,0x00000007faf80000)
 ParOldGen       total 10752K, used 1233K [0x00000007f0000000, 0x00000007f0a80000, 0x00000007faa80000)
  object space 10752K, 11% used [0x00000007f0000000,0x00000007f0134418,0x00000007f0a80000)
 Metaspace total 10070K, used 9850K, reserved 12288K
  data space     8858K, used 8687K, reserved 10240K
  class space    1212K, used 1163K, reserved 2048K
Event: 1.886 GC heap after
Heap after GC invocations=3 (full 0):
 PSYoungGen      total 5120K, used 512K [0x00000007faa80000, 0x00000007fb480000, 0x0000000800000000)
  eden space 4608K, 0% used [0x00000007faa80000,0x00000007faa80000,0x00000007faf00000)
  from space 512K, 100% used [0x00000007faf00000,0x00000007faf80000,0x00000007faf80000)
  to   space 512K, 0% used [0x00000007fb400000,0x00000007fb400000,0x00000007fb480000)
 ParOldGen       total 10752K, used 1853K [0x00000007f0000000, 0x00000007f0a80000, 0x00000007faa80000)
  object space 10752K, 17% used [0x00000007f0000000,0x00000007f01cf7b0,0x00000007f0a80000)
 Metaspace total 10070K, used 9850K, reserved 12288K
  data space     8858K, used 8687K, reserved 10240K
  class space    1212K, used 1163K, reserved 2048K
}
Event: 2.350 GC heap before
{Heap before GC invocations=4 (full 0):
 PSYoungGen      total 5120K, used 5120K [0x00000007faa80000, 0x00000007fb480000, 0x0000000800000000)
  eden space 4608K, 100% used [0x00000007faa80000,0x00000007faf00000,0x00000007faf00000)
  from space 512K, 100% used [0x00000007faf00000,0x00000007faf80000,0x00000007faf80000)
  to   space 512K, 0% used [0x00000007fb400000,0x00000007fb400000,0x00000007fb480000)
 ParOldGen       total 10752K, used 1853K [0x00000007f0000000, 0x00000007f0a80000, 0x00000007faa80000)
  object space 10752K, 17% used [0x00000007f0000000,0x00000007f01cf7b0,0x00000007f0a80000)
 Metaspace total 11484K, used 11215K, reserved 14336K
  data space     10099K, used 9890K, reserved 12288K
  class space    1385K, used 1324K, reserved 2048K
Event: 2.363 GC heap after
Heap after GC invocations=4 (full 0):
 PSYoungGen      total 9728K, used 496K [0x00000007faa80000, 0x00000007fb480000, 0x0000000800000000)
  eden space 9216K, 0% used [0x00000007faa80000,0x00000007faa80000,0x00000007fb380000)
  from space 512K, 96% used [0x00000007fb400000,0x00000007fb47c018,0x00000007fb480000)
  to   space 512K, 0% used [0x00000007fb380000,0x00000007fb380000,0x00000007fb400000)
 ParOldGen       total 10752K, used 2365K [0x00000007f0000000, 0x00000007f0a80000, 0x00000007faa80000)
  object space 10752K, 22% used [0x00000007f0000000,0x00000007f024f7b0,0x00000007f0a80000)
 Metaspace total 11484K, used 11215K, reserved 14336K
  data space     10099K, used 9890K, reserved 12288K
  class space    1385K, used 1324K, reserved 2048K
}

