# JRE version: Java(TM) SE Runtime Environment (7.0_17-b02) (build 1.7.0_17-b02)
# Java VM: OpenJDK 64-Bit Graal VM (25.0-b37-internal-fastdebug mixed mode bsd-amd64 compressed oops)
Heap:
 PSYoungGen      total 38912K, used 31136K [0x00000007faa80000, 0x00000007ff680000, 0x0000000800000000)
  eden space 36864K, 79% used [0x00000007faa80000,0x00000007fc720210,0x00000007fce80000)
  from space 2048K, 89% used [0x00000007fce80000,0x00000007fd048000,0x00000007fd080000)
  to   space 2048K, 0% used [0x00000007ff480000,0x00000007ff480000,0x00000007ff680000)
 ParOldGen       total 10752K, used 3886K [0x00000007f0000000, 0x00000007f0a80000, 0x00000007faa80000)
  object space 10752K, 36% used [0x00000007f0000000,0x00000007f03cb828,0x00000007f0a80000)
 Metaspace total 12832K, used 12454K, reserved 14336K
  data space     11394K, used 11075K, reserved 12288K
  class space    1438K, used 1379K, reserved 2048K
GC Heap History (10 events):
Event: 1.912 GC heap before
{Heap before GC invocations=3 (full 0):
 PSYoungGen      total 9728K, used 9728K [0x00000007faa80000, 0x00000007fb480000, 0x0000000800000000)
  eden space 9216K, 100% used [0x00000007faa80000,0x00000007fb380000,0x00000007fb380000)
  from space 512K, 100% used [0x00000007fb400000,0x00000007fb480000,0x00000007fb480000)
  to   space 512K, 0% used [0x00000007fb380000,0x00000007fb380000,0x00000007fb400000)
 ParOldGen       total 10752K, used 1233K [0x00000007f0000000, 0x00000007f0a80000, 0x00000007faa80000)
  object space 10752K, 11% used [0x00000007f0000000,0x00000007f0134418,0x00000007f0a80000)
 Metaspace total 10954K, used 10699K, reserved 12288K
  data space     9636K, used 9433K, reserved 10240K
  class space    1318K, used 1265K, reserved 2048K
Event: 1.936 GC heap after
Heap after GC invocations=3 (full 0):
 PSYoungGen      total 9728K, used 512K [0x00000007faa80000, 0x00000007fbd80000, 0x0000000800000000)
  eden space 9216K, 0% used [0x00000007faa80000,0x00000007faa80000,0x00000007fb380000)
  from space 512K, 100% used [0x00000007fb380000,0x00000007fb400000,0x00000007fb400000)
  to   space 512K, 0% used [0x00000007fbd00000,0x00000007fbd00000,0x00000007fbd80000)
 ParOldGen       total 10752K, used 2189K [0x00000007f0000000, 0x00000007f0a80000, 0x00000007faa80000)
  object space 10752K, 20% used [0x00000007f0000000,0x00000007f0223780,0x00000007f0a80000)
 Metaspace total 10954K, used 10699K, reserved 12288K
  data space     9636K, used 9433K, reserved 10240K
  class space    1318K, used 1265K, reserved 2048K
}
Event: 2.498 GC heap before
{Heap before GC invocations=4 (full 0):
 PSYoungGen      total 9728K, used 9728K [0x00000007faa80000, 0x00000007fbd80000, 0x0000000800000000)
  eden space 9216K, 100% used [0x00000007faa80000,0x00000007fb380000,0x00000007fb380000)
  from space 512K, 100% used [0x00000007fb380000,0x00000007fb400000,0x00000007fb400000)
  to   space 512K, 0% used [0x00000007fbd00000,0x00000007fbd00000,0x00000007fbd80000)
 ParOldGen       total 10752K, used 2189K [0x00000007f0000000, 0x00000007f0a80000, 0x00000007faa80000)
  object space 10752K, 20% used [0x00000007f0000000,0x00000007f0223780,0x00000007f0a80000)
 Metaspace total 11460K, used 11181K, reserved 14336K
  data space     10099K, used 9876K, reserved 12288K
  class space    1361K, used 1305K, reserved 2048K
Event: 2.512 GC heap after
Heap after GC invocations=4 (full 0):
 PSYoungGen      total 18944K, used 480K [0x00000007faa80000, 0x00000007fbd80000, 0x0000000800000000)
  eden space 18432K, 0% used [0x00000007faa80000,0x00000007faa80000,0x00000007fbc80000)
  from space 512K, 93% used [0x00000007fbd00000,0x00000007fbd78030,0x00000007fbd80000)
  to   space 512K, 0% used [0x00000007fbc80000,0x00000007fbc80000,0x00000007fbd00000)
 ParOldGen       total 10752K, used 2669K [0x00000007f0000000, 0x00000007f0a80000, 0x00000007faa80000)
  object space 10752K, 24% used [0x00000007f0000000,0x00000007f029b780,0x00000007f0a80000)
 Metaspace total 11460K, used 11181K, reserved 14336K
  data space     10099K, used 9876K, reserved 12288K
  class space    1361K, used 1305K, reserved 2048K
}
Event: 3.698 GC heap before
{Heap before GC invocations=5 (full 0):
 PSYoungGen      total 18944K, used 18912K [0x00000007faa80000, 0x00000007fbd80000, 0x0000000800000000)
  eden space 18432K, 100% used [0x00000007faa80000,0x00000007fbc80000,0x00000007fbc80000)
  from space 512K, 93% used [0x00000007fbd00000,0x00000007fbd78030,0x00000007fbd80000)
  to   space 512K, 0% used [0x00000007fbc80000,0x00000007fbc80000,0x00000007fbd00000)
 ParOldGen       total 10752K, used 2669K [0x00000007f0000000, 0x00000007f0a80000, 0x00000007faa80000)
  object space 10752K, 24% used [0x00000007f0000000,0x00000007f029b780,0x00000007f0a80000)
 Metaspace total 12012K, used 11702K, reserved 14336K
  data space     10611K, used 10353K, reserved 12288K
  class space    1401K, used 1348K, reserved 2048K
Event: 3.741 GC heap after
Heap after GC invocations=5 (full 0):
 PSYoungGen      total 18944K, used 496K [0x00000007faa80000, 0x00000007fd280000, 0x0000000800000000)
  eden space 18432K, 0% used [0x00000007faa80000,0x00000007faa80000,0x00000007fbc80000)
  from space 512K, 96% used [0x00000007fbc80000,0x00000007fbcfc018,0x00000007fbd00000)
  to   space 2048K, 0% used [0x00000007fd080000,0x00000007fd080000,0x00000007fd280000)
 ParOldGen       total 10752K, used 3611K [0x00000007f0000000, 0x00000007f0a80000, 0x00000007faa80000)
  object space 10752K, 33% used [0x00000007f0000000,0x00000007f0386c48,0x00000007f0a80000)
 Metaspace total 12012K, used 11702K, reserved 14336K
  data space     10611K, used 10353K, reserved 12288K
  class space    1401K, used 1348K, reserved 2048K
}
Event: 4.983 GC heap before
{Heap before GC invocations=6 (full 0):
 PSYoungGen      total 18944K, used 18928K [0x00000007faa80000, 0x00000007fd280000, 0x0000000800000000)
  eden space 18432K, 100% used [0x00000007faa80000,0x00000007fbc80000,0x00000007fbc80000)
  from space 512K, 96% used [0x00000007fbc80000,0x00000007fbcfc018,0x00000007fbd00000)
  to   space 2048K, 0% used [0x00000007fd080000,0x00000007fd080000,0x00000007fd280000)
 ParOldGen       total 10752K, used 3611K [0x00000007f0000000, 0x00000007f0a80000, 0x00000007faa80000)
  object space 10752K, 33% used [0x00000007f0000000,0x00000007f0386c48,0x00000007f0a80000)
 Metaspace total 12232K, used 11878K, reserved 14336K
  data space     10813K, used 10519K, reserved 12288K
  class space    1419K, used 1358K, reserved 2048K
Event: 5.037 GC heap after
Heap after GC invocations=6 (full 0):
 PSYoungGen      total 38912K, used 1296K [0x00000007faa80000, 0x00000007fd280000, 0x0000000800000000)
  eden space 36864K, 0% used [0x00000007faa80000,0x00000007faa80000,0x00000007fce80000)
  from space 2048K, 63% used [0x00000007fd080000,0x00000007fd1c4018,0x00000007fd280000)
  to   space 2048K, 0% used [0x00000007fce80000,0x00000007fce80000,0x00000007fd080000)
 ParOldGen       total 10752K, used 3619K [0x00000007f0000000, 0x00000007f0a80000, 0x00000007faa80000)
  object space 10752K, 33% used [0x00000007f0000000,0x00000007f0388c48,0x00000007f0a80000)
 Metaspace total 12232K, used 11878K, reserved 14336K
  data space     10813K, used 10519K, reserved 12288K
  class space    1419K, used 1358K, reserved 2048K
}
Event: 7.694 GC heap before
{Heap before GC invocations=7 (full 0):
 PSYoungGen      total 38912K, used 38160K [0x00000007faa80000, 0x00000007fd280000, 0x0000000800000000)
  eden space 36864K, 100% used [0x00000007faa80000,0x00000007fce80000,0x00000007fce80000)
  from space 2048K, 63% used [0x00000007fd080000,0x00000007fd1c4018,0x00000007fd280000)
  to   space 2048K, 0% used [0x00000007fce80000,0x00000007fce80000,0x00000007fd080000)
 ParOldGen       total 10752K, used 3619K [0x00000007f0000000, 0x00000007f0a80000, 0x00000007faa80000)
  object space 10752K, 33% used [0x00000007f0000000,0x00000007f0388c48,0x00000007f0a80000)
 Metaspace total 12496K, used 12168K, reserved 14336K
  data space     11069K, used 10797K, reserved 12288K
  class space    1427K, used 1371K, reserved 2048K
Event: 7.761 GC heap after
Heap after GC invocations=7 (full 0):
 PSYoungGen      total 38912K, used 1824K [0x00000007faa80000, 0x00000007ff680000, 0x0000000800000000)
  eden space 36864K, 0% used [0x00000007faa80000,0x00000007faa80000,0x00000007fce80000)
  from space 2048K, 89% used [0x00000007fce80000,0x00000007fd048000,0x00000007fd080000)
  to   space 2048K, 0% used [0x00000007ff480000,0x00000007ff480000,0x00000007ff680000)
 ParOldGen       total 10752K, used 3886K [0x00000007f0000000, 0x00000007f0a80000, 0x00000007faa80000)
  object space 10752K, 36% used [0x00000007f0000000,0x00000007f03cb828,0x00000007f0a80000)
 Metaspace total 12496K, used 12168K, reserved 14336K
  data space     11069K, used 10797K, reserved 12288K
  class space    1427K, used 1371K, reserved 2048K
}

