# JRE version: Java(TM) SE Runtime Environment (7.0_17-b02) (build 1.7.0_17-b02)
# Java VM: OpenJDK 64-Bit Graal VM (25.0-b37-internal-fastdebug mixed mode bsd-amd64 compressed oops)
Heap:
 PSYoungGen      total 31744K, used 21304K [0x00000007faa80000, 0x00000007fdd00000, 0x0000000800000000)
  eden space 29696K, 68% used [0x00000007faa80000,0x00000007fbe661a0,0x00000007fc780000)
  from space 2048K, 45% used [0x00000007fc780000,0x00000007fc868000,0x00000007fc980000)
  to   space 2048K, 0% used [0x00000007fdb00000,0x00000007fdb00000,0x00000007fdd00000)
 ParOldGen       total 10752K, used 5410K [0x00000007f0000000, 0x00000007f0a80000, 0x00000007faa80000)
  object space 10752K, 50% used [0x00000007f0000000,0x00000007f05488a0,0x00000007f0a80000)
 Metaspace total 12832K, used 12468K, reserved 14336K
  data space     11394K, used 11088K, reserved 12288K
  class space    1438K, used 1380K, reserved 2048K
GC Heap History (10 events):
Event: 5.206 GC heap before
{Heap before GC invocations=7 (full 0):
 PSYoungGen      total 10752K, used 9920K [0x00000007faa80000, 0x00000007fb680000, 0x0000000800000000)
  eden space 9216K, 100% used [0x00000007faa80000,0x00000007fb380000,0x00000007fb380000)
  from space 1536K, 45% used [0x00000007fb500000,0x00000007fb5b0000,0x00000007fb680000)
  to   space 1536K, 0% used [0x00000007fb380000,0x00000007fb380000,0x00000007fb500000)
 ParOldGen       total 10752K, used 2645K [0x00000007f0000000, 0x00000007f0a80000, 0x00000007faa80000)
  object space 10752K, 24% used [0x00000007f0000000,0x00000007f0295448,0x00000007f0a80000)
 Metaspace total 11954K, used 11607K, reserved 14336K
  data space     10552K, used 10260K, reserved 12288K
  class space    1402K, used 1347K, reserved 2048K
Event: 5.229 GC heap after
Heap after GC invocations=7 (full 0):
 PSYoungGen      total 10752K, used 864K [0x00000007faa80000, 0x00000007fbf80000, 0x0000000800000000)
  eden space 9216K, 0% used [0x00000007faa80000,0x00000007faa80000,0x00000007fb380000)
  from space 1536K, 56% used [0x00000007fb380000,0x00000007fb458000,0x00000007fb500000)
  to   space 1536K, 0% used [0x00000007fbe00000,0x00000007fbe00000,0x00000007fbf80000)
 ParOldGen       total 10752K, used 3016K [0x00000007f0000000, 0x00000007f0a80000, 0x00000007faa80000)
  object space 10752K, 28% used [0x00000007f0000000,0x00000007f02f2028,0x00000007f0a80000)
 Metaspace total 11954K, used 11607K, reserved 14336K
  data space     10552K, used 10260K, reserved 12288K
  class space    1402K, used 1347K, reserved 2048K
}
Event: 5.789 GC heap before
{Heap before GC invocations=8 (full 0):
 PSYoungGen      total 10752K, used 10080K [0x00000007faa80000, 0x00000007fbf80000, 0x0000000800000000)
  eden space 9216K, 100% used [0x00000007faa80000,0x00000007fb380000,0x00000007fb380000)
  from space 1536K, 56% used [0x00000007fb380000,0x00000007fb458000,0x00000007fb500000)
  to   space 1536K, 0% used [0x00000007fbe00000,0x00000007fbe00000,0x00000007fbf80000)
 ParOldGen       total 10752K, used 3016K [0x00000007f0000000, 0x00000007f0a80000, 0x00000007faa80000)
  object space 10752K, 28% used [0x00000007f0000000,0x00000007f02f2028,0x00000007f0a80000)
 Metaspace total 12018K, used 11705K, reserved 14336K
  data space     10616K, used 10355K, reserved 12288K
  class space    1402K, used 1349K, reserved 2048K
Event: 5.809 GC heap after
Heap after GC invocations=8 (full 0):
 PSYoungGen      total 19968K, used 1088K [0x00000007faa80000, 0x00000007fbf80000, 0x0000000800000000)
  eden space 18432K, 0% used [0x00000007faa80000,0x00000007faa80000,0x00000007fbc80000)
  from space 1536K, 70% used [0x00000007fbe00000,0x00000007fbf10000,0x00000007fbf80000)
  to   space 1536K, 0% used [0x00000007fbc80000,0x00000007fbc80000,0x00000007fbe00000)
 ParOldGen       total 10752K, used 3096K [0x00000007f0000000, 0x00000007f0a80000, 0x00000007faa80000)
  object space 10752K, 28% used [0x00000007f0000000,0x00000007f0306028,0x00000007f0a80000)
 Metaspace total 12018K, used 11705K, reserved 14336K
  data space     10616K, used 10355K, reserved 12288K
  class space    1402K, used 1349K, reserved 2048K
}
Event: 6.952 GC heap before
{Heap before GC invocations=9 (full 0):
 PSYoungGen      total 19968K, used 19520K [0x00000007faa80000, 0x00000007fbf80000, 0x0000000800000000)
  eden space 18432K, 100% used [0x00000007faa80000,0x00000007fbc80000,0x00000007fbc80000)
  from space 1536K, 70% used [0x00000007fbe00000,0x00000007fbf10000,0x00000007fbf80000)
  to   space 1536K, 0% used [0x00000007fbc80000,0x00000007fbc80000,0x00000007fbe00000)
 ParOldGen       total 10752K, used 3096K [0x00000007f0000000, 0x00000007f0a80000, 0x00000007faa80000)
  object space 10752K, 28% used [0x00000007f0000000,0x00000007f0306028,0x00000007f0a80000)
 Metaspace total 12224K, used 11860K, reserved 14336K
  data space     10813K, used 10504K, reserved 12288K
  class space    1411K, used 1355K, reserved 2048K
Event: 7.009 GC heap after
Heap after GC invocations=9 (full 0):
 PSYoungGen      total 19968K, used 1536K [0x00000007faa80000, 0x00000007fcb80000, 0x0000000800000000)
  eden space 18432K, 0% used [0x00000007faa80000,0x00000007faa80000,0x00000007fbc80000)
  from space 1536K, 100% used [0x00000007fbc80000,0x00000007fbe00000,0x00000007fbe00000)
  to   space 2048K, 0% used [0x00000007fc980000,0x00000007fc980000,0x00000007fcb80000)
 ParOldGen       total 10752K, used 3373K [0x00000007f0000000, 0x00000007f0a80000, 0x00000007faa80000)
  object space 10752K, 31% used [0x00000007f0000000,0x00000007f034b4f0,0x00000007f0a80000)
 Metaspace total 12224K, used 11860K, reserved 14336K
  data space     10813K, used 10504K, reserved 12288K
  class space    1411K, used 1355K, reserved 2048K
}
Event: 8.228 GC heap before
{Heap before GC invocations=10 (full 0):
 PSYoungGen      total 19968K, used 19968K [0x00000007faa80000, 0x00000007fcb80000, 0x0000000800000000)
  eden space 18432K, 100% used [0x00000007faa80000,0x00000007fbc80000,0x00000007fbc80000)
  from space 1536K, 100% used [0x00000007fbc80000,0x00000007fbe00000,0x00000007fbe00000)
  to   space 2048K, 0% used [0x00000007fc980000,0x00000007fc980000,0x00000007fcb80000)
 ParOldGen       total 10752K, used 3373K [0x00000007f0000000, 0x00000007f0a80000, 0x00000007faa80000)
  object space 10752K, 31% used [0x00000007f0000000,0x00000007f034b4f0,0x00000007f0a80000)
 Metaspace total 12424K, used 12081K, reserved 14336K
  data space     11005K, used 10717K, reserved 12288K
  class space    1419K, used 1363K, reserved 2048K
Event: 8.253 GC heap after
Heap after GC invocations=10 (full 0):
 PSYoungGen      total 31744K, used 1344K [0x00000007faa80000, 0x00000007fcb80000, 0x0000000800000000)
  eden space 29696K, 0% used [0x00000007faa80000,0x00000007faa80000,0x00000007fc780000)
  from space 2048K, 65% used [0x00000007fc980000,0x00000007fcad0000,0x00000007fcb80000)
  to   space 2048K, 0% used [0x00000007fc780000,0x00000007fc780000,0x00000007fc980000)
 ParOldGen       total 10752K, used 4165K [0x00000007f0000000, 0x00000007f0a80000, 0x00000007faa80000)
  object space 10752K, 38% used [0x00000007f0000000,0x00000007f04114f0,0x00000007f0a80000)
 Metaspace total 12424K, used 12081K, reserved 14336K
  data space     11005K, used 10717K, reserved 12288K
  class space    1419K, used 1363K, reserved 2048K
}
Event: 10.615 GC heap before
{Heap before GC invocations=11 (full 0):
 PSYoungGen      total 31744K, used 31040K [0x00000007faa80000, 0x00000007fcb80000, 0x0000000800000000)
  eden space 29696K, 100% used [0x00000007faa80000,0x00000007fc780000,0x00000007fc780000)
  from space 2048K, 65% used [0x00000007fc980000,0x00000007fcad0000,0x00000007fcb80000)
  to   space 2048K, 0% used [0x00000007fc780000,0x00000007fc780000,0x00000007fc980000)
 ParOldGen       total 10752K, used 4165K [0x00000007f0000000, 0x00000007f0a80000, 0x00000007faa80000)
  object space 10752K, 38% used [0x00000007f0000000,0x00000007f04114f0,0x00000007f0a80000)
 Metaspace total 12630K, used 12234K, reserved 14336K
  data space     11202K, used 10861K, reserved 12288K
  class space    1428K, used 1372K, reserved 2048K
Event: 10.662 GC heap after
Heap after GC invocations=11 (full 0):
 PSYoungGen      total 31744K, used 928K [0x00000007faa80000, 0x00000007fdd00000, 0x0000000800000000)
  eden space 29696K, 0% used [0x00000007faa80000,0x00000007faa80000,0x00000007fc780000)
  from space 2048K, 45% used [0x00000007fc780000,0x00000007fc868000,0x00000007fc980000)
  to   space 2048K, 0% used [0x00000007fdb00000,0x00000007fdb00000,0x00000007fdd00000)
 ParOldGen       total 10752K, used 5410K [0x00000007f0000000, 0x00000007f0a80000, 0x00000007faa80000)
  object space 10752K, 50% used [0x00000007f0000000,0x00000007f05488a0,0x00000007f0a80000)
 Metaspace total 12630K, used 12234K, reserved 14336K
  data space     11202K, used 10861K, reserved 12288K
  class space    1428K, used 1372K, reserved 2048K
}

