# JRE version: Java(TM) SE Runtime Environment (7.0_17-b02) (build 1.7.0_17-b02)
# Java VM: OpenJDK 64-Bit Graal VM (25.0-b37-internal-fastdebug mixed mode bsd-amd64 compressed oops)
Heap:
 PSYoungGen      total 5120K, used 1293K [0x00000007faa80000, 0x00000007fb480000, 0x0000000800000000)
  eden space 4608K, 16% used [0x00000007faa80000,0x00000007fab437c8,0x00000007faf00000)
  from space 512K, 100% used [0x00000007faf00000,0x00000007faf80000,0x00000007faf80000)
  to   space 512K, 0% used [0x00000007fb400000,0x00000007fb400000,0x00000007fb480000)
 ParOldGen       total 10752K, used 1857K [0x00000007f0000000, 0x00000007f0a80000, 0x00000007faa80000)
  object space 10752K, 17% used [0x00000007f0000000,0x00000007f01d0430,0x00000007f0a80000)
 Metaspace total 10730K, used 10501K, reserved 12288K
  data space     9444K, used 9259K, reserved 10240K
  class space    1286K, used 1241K, reserved 2048K
GC Heap History (6 events):
Event: 0.889 GC heap before
{Heap before GC invocations=1 (full 0):
 PSYoungGen      total 5120K, used 4608K [0x00000007faa80000, 0x00000007fb000000, 0x0000000800000000)
  eden space 4608K, 100% used [0x00000007faa80000,0x00000007faf00000,0x00000007faf00000)
  from space 512K, 0% used [0x00000007faf80000,0x00000007faf80000,0x00000007fb000000)
  to   space 512K, 0% used [0x00000007faf00000,0x00000007faf00000,0x00000007faf80000)
 ParOldGen       total 10752K, used 0K [0x00000007f0000000, 0x00000007f0a80000, 0x00000007faa80000)
  object space 10752K, 0% used [0x00000007f0000000,0x00000007f0000000,0x00000007f0a80000)
 Metaspace total 6630K, used 6519K, reserved 10240K
  data space     5873K, used 5783K, reserved 8192K
  class space    757K, used 735K, reserved 2048K
Event: 0.900 GC heap after
Heap after GC invocations=1 (full 0):
 PSYoungGen      total 5120K, used 496K [0x00000007faa80000, 0x00000007fb000000, 0x0000000800000000)
  eden space 4608K, 0% used [0x00000007faa80000,0x00000007faa80000,0x00000007faf00000)
  from space 512K, 96% used [0x00000007faf00000,0x00000007faf7c018,0x00000007faf80000)
  to   space 512K, 0% used [0x00000007faf80000,0x00000007faf80000,0x00000007fb000000)
 ParOldGen       total 10752K, used 1017K [0x00000007f0000000, 0x00000007f0a80000, 0x00000007faa80000)
  object space 10752K, 9% used [0x00000007f0000000,0x00000007f00fe418,0x00000007f0a80000)
 Metaspace total 6630K, used 6519K, reserved 10240K
  data space     5873K, used 5783K, reserved 8192K
  class space    757K, used 735K, reserved 2048K
}
Event: 1.247 GC heap before
{Heap before GC invocations=2 (full 0):
 PSYoungGen      total 5120K, used 5104K [0x00000007faa80000, 0x00000007fb000000, 0x0000000800000000)
  eden space 4608K, 100% used [0x00000007faa80000,0x00000007faf00000,0x00000007faf00000)
  from space 512K, 96% used [0x00000007faf00000,0x00000007faf7c018,0x00000007faf80000)
  to   space 512K, 0% used [0x00000007faf80000,0x00000007faf80000,0x00000007fb000000)
 ParOldGen       total 10752K, used 1017K [0x00000007f0000000, 0x00000007f0a80000, 0x00000007faa80000)
  object space 10752K, 9% used [0x00000007f0000000,0x00000007f00fe418,0x00000007f0a80000)
 Metaspace total 6938K, used 6783K, reserved 10240K
  data space     6139K, used 6009K, reserved 8192K
  class space    799K, used 774K, reserved 2048K
Event: 1.258 GC heap after
Heap after GC invocations=2 (full 0):
 PSYoungGen      total 5120K, used 496K [0x00000007faa80000, 0x00000007fb480000, 0x0000000800000000)
  eden space 4608K, 0% used [0x00000007faa80000,0x00000007faa80000,0x00000007faf00000)
  from space 512K, 96% used [0x00000007faf80000,0x00000007faffc018,0x00000007fb000000)
  to   space 512K, 0% used [0x00000007faf00000,0x00000007faf00000,0x00000007faf80000)
 ParOldGen       total 10752K, used 1241K [0x00000007f0000000, 0x00000007f0a80000, 0x00000007faa80000)
  object space 10752K, 11% used [0x00000007f0000000,0x00000007f0136418,0x00000007f0a80000)
 Metaspace total 6938K, used 6783K, reserved 10240K
  data space     6139K, used 6009K, reserved 8192K
  class space    799K, used 774K, reserved 2048K
}
Event: 1.611 GC heap before
{Heap before GC invocations=3 (full 0):
 PSYoungGen      total 5120K, used 5104K [0x00000007faa80000, 0x00000007fb480000, 0x0000000800000000)
  eden space 4608K, 100% used [0x00000007faa80000,0x00000007faf00000,0x00000007faf00000)
  from space 512K, 96% used [0x00000007faf80000,0x00000007faffc018,0x00000007fb000000)
  to   space 512K, 0% used [0x00000007faf00000,0x00000007faf00000,0x00000007faf80000)
 ParOldGen       total 10752K, used 1241K [0x00000007f0000000, 0x00000007f0a80000, 0x00000007faa80000)
  object space 10752K, 11% used [0x00000007f0000000,0x00000007f0136418,0x00000007f0a80000)
 Metaspace total 10362K, used 10093K, reserved 12288K
  data space     9124K, used 8906K, reserved 10240K
  class space    1238K, used 1186K, reserved 2048K
Event: 1.622 GC heap after
Heap after GC invocations=3 (full 0):
 PSYoungGen      total 5120K, used 512K [0x00000007faa80000, 0x00000007fb480000, 0x0000000800000000)
  eden space 4608K, 0% used [0x00000007faa80000,0x00000007faa80000,0x00000007faf00000)
  from space 512K, 100% used [0x00000007faf00000,0x00000007faf80000,0x00000007faf80000)
  to   space 512K, 0% used [0x00000007fb400000,0x00000007fb400000,0x00000007fb480000)
 ParOldGen       total 10752K, used 1857K [0x00000007f0000000, 0x00000007f0a80000, 0x00000007faa80000)
  object space 10752K, 17% used [0x00000007f0000000,0x00000007f01d0430,0x00000007f0a80000)
 Metaspace total 10362K, used 10093K, reserved 12288K
  data space     9124K, used 8906K, reserved 10240K
  class space    1238K, used 1186K, reserved 2048K
}

