# JRE version: Java(TM) SE Runtime Environment (7.0_17-b02) (build 1.7.0_17-b02)
# Java VM: OpenJDK 64-Bit Graal VM (25.0-b37-internal-fastdebug mixed mode bsd-amd64 compressed oops)
Heap:
 PSYoungGen      total 38912K, used 21519K [0x00000007faa80000, 0x00000007fe980000, 0x0000000800000000)
  eden space 36864K, 52% used [0x00000007faa80000,0x00000007fbd83c68,0x00000007fce80000)
  from space 2048K, 100% used [0x00000007fce80000,0x00000007fd080000,0x00000007fd080000)
  to   space 2560K, 0% used [0x00000007fe700000,0x00000007fe700000,0x00000007fe980000)
 ParOldGen       total 10752K, used 3968K [0x00000007f0000000, 0x00000007f0a80000, 0x00000007faa80000)
  object space 10752K, 36% used [0x00000007f0000000,0x00000007f03e0028,0x00000007f0a80000)
 Metaspace total 12832K, used 12435K, reserved 14336K
  data space     11394K, used 11059K, reserved 12288K
  class space    1438K, used 1376K, reserved 2048K
GC Heap History (10 events):
Event: 2.761 GC heap before
{Heap before GC invocations=5 (full 0):
 PSYoungGen      total 9728K, used 9712K [0x00000007faa80000, 0x00000007fb480000, 0x0000000800000000)
  eden space 9216K, 100% used [0x00000007faa80000,0x00000007fb380000,0x00000007fb380000)
  from space 512K, 96% used [0x00000007fb400000,0x00000007fb47c018,0x00000007fb480000)
  to   space 512K, 0% used [0x00000007fb380000,0x00000007fb380000,0x00000007fb400000)
 ParOldGen       total 10752K, used 2389K [0x00000007f0000000, 0x00000007f0a80000, 0x00000007faa80000)
  object space 10752K, 22% used [0x00000007f0000000,0x00000007f0255448,0x00000007f0a80000)
 Metaspace total 11524K, used 11225K, reserved 14336K
  data space     10163K, used 9919K, reserved 12288K
  class space    1361K, used 1305K, reserved 2048K
Event: 2.785 GC heap after
Heap after GC invocations=5 (full 0):
 PSYoungGen      total 9728K, used 512K [0x00000007faa80000, 0x00000007fbf80000, 0x0000000800000000)
  eden space 9216K, 0% used [0x00000007faa80000,0x00000007faa80000,0x00000007fb380000)
  from space 512K, 100% used [0x00000007fb380000,0x00000007fb400000,0x00000007fb400000)
  to   space 1536K, 0% used [0x00000007fbe00000,0x00000007fbe00000,0x00000007fbf80000)
 ParOldGen       total 10752K, used 2757K [0x00000007f0000000, 0x00000007f0a80000, 0x00000007faa80000)
  object space 10752K, 25% used [0x00000007f0000000,0x00000007f02b1448,0x00000007f0a80000)
 Metaspace total 11524K, used 11225K, reserved 14336K
  data space     10163K, used 9919K, reserved 12288K
  class space    1361K, used 1305K, reserved 2048K
}
Event: 3.406 GC heap before
{Heap before GC invocations=6 (full 0):
 PSYoungGen      total 9728K, used 9728K [0x00000007faa80000, 0x00000007fbf80000, 0x0000000800000000)
  eden space 9216K, 100% used [0x00000007faa80000,0x00000007fb380000,0x00000007fb380000)
  from space 512K, 100% used [0x00000007fb380000,0x00000007fb400000,0x00000007fb400000)
  to   space 1536K, 0% used [0x00000007fbe00000,0x00000007fbe00000,0x00000007fbf80000)
 ParOldGen       total 10752K, used 2757K [0x00000007f0000000, 0x00000007f0a80000, 0x00000007faa80000)
  object space 10752K, 25% used [0x00000007f0000000,0x00000007f02b1448,0x00000007f0a80000)
 Metaspace total 11948K, used 11600K, reserved 14336K
  data space     10547K, used 10254K, reserved 12288K
  class space    1401K, used 1345K, reserved 2048K
Event: 3.422 GC heap after
Heap after GC invocations=6 (full 0):
 PSYoungGen      total 19968K, used 1184K [0x00000007faa80000, 0x00000007fbf80000, 0x0000000800000000)
  eden space 18432K, 0% used [0x00000007faa80000,0x00000007faa80000,0x00000007fbc80000)
  from space 1536K, 77% used [0x00000007fbe00000,0x00000007fbf28000,0x00000007fbf80000)
  to   space 1536K, 0% used [0x00000007fbc80000,0x00000007fbc80000,0x00000007fbe00000)
 ParOldGen       total 10752K, used 2765K [0x00000007f0000000, 0x00000007f0a80000, 0x00000007faa80000)
  object space 10752K, 25% used [0x00000007f0000000,0x00000007f02b3448,0x00000007f0a80000)
 Metaspace total 11948K, used 11600K, reserved 14336K
  data space     10547K, used 10254K, reserved 12288K
  class space    1401K, used 1345K, reserved 2048K
}
Event: 4.859 GC heap before
{Heap before GC invocations=7 (full 0):
 PSYoungGen      total 19968K, used 19616K [0x00000007faa80000, 0x00000007fbf80000, 0x0000000800000000)
  eden space 18432K, 100% used [0x00000007faa80000,0x00000007fbc80000,0x00000007fbc80000)
  from space 1536K, 77% used [0x00000007fbe00000,0x00000007fbf28000,0x00000007fbf80000)
  to   space 1536K, 0% used [0x00000007fbc80000,0x00000007fbc80000,0x00000007fbe00000)
 ParOldGen       total 10752K, used 2765K [0x00000007f0000000, 0x00000007f0a80000, 0x00000007faa80000)
  object space 10752K, 25% used [0x00000007f0000000,0x00000007f02b3448,0x00000007f0a80000)
 Metaspace total 12154K, used 11795K, reserved 14336K
  data space     10744K, used 10442K, reserved 12288K
  class space    1410K, used 1352K, reserved 2048K
Event: 4.897 GC heap after
Heap after GC invocations=7 (full 0):
 PSYoungGen      total 19968K, used 1344K [0x00000007faa80000, 0x00000007fd280000, 0x0000000800000000)
  eden space 18432K, 0% used [0x00000007faa80000,0x00000007faa80000,0x00000007fbc80000)
  from space 1536K, 87% used [0x00000007fbc80000,0x00000007fbdd0000,0x00000007fbe00000)
  to   space 2048K, 0% used [0x00000007fd080000,0x00000007fd080000,0x00000007fd280000)
 ParOldGen       total 10752K, used 3112K [0x00000007f0000000, 0x00000007f0a80000, 0x00000007faa80000)
  object space 10752K, 28% used [0x00000007f0000000,0x00000007f030a028,0x00000007f0a80000)
 Metaspace total 12154K, used 11795K, reserved 14336K
  data space     10744K, used 10442K, reserved 12288K
  class space    1410K, used 1352K, reserved 2048K
}
Event: 6.134 GC heap before
{Heap before GC invocations=8 (full 0):
 PSYoungGen      total 19968K, used 19776K [0x00000007faa80000, 0x00000007fd280000, 0x0000000800000000)
  eden space 18432K, 100% used [0x00000007faa80000,0x00000007fbc80000,0x00000007fbc80000)
  from space 1536K, 87% used [0x00000007fbc80000,0x00000007fbdd0000,0x00000007fbe00000)
  to   space 2048K, 0% used [0x00000007fd080000,0x00000007fd080000,0x00000007fd280000)
 ParOldGen       total 10752K, used 3112K [0x00000007f0000000, 0x00000007f0a80000, 0x00000007faa80000)
  object space 10752K, 28% used [0x00000007f0000000,0x00000007f030a028,0x00000007f0a80000)
 Metaspace total 12360K, used 12031K, reserved 14336K
  data space     10941K, used 10668K, reserved 12288K
  class space    1419K, used 1362K, reserved 2048K
Event: 6.155 GC heap after
Heap after GC invocations=8 (full 0):
 PSYoungGen      total 38912K, used 1728K [0x00000007faa80000, 0x00000007fd280000, 0x0000000800000000)
  eden space 36864K, 0% used [0x00000007faa80000,0x00000007faa80000,0x00000007fce80000)
  from space 2048K, 84% used [0x00000007fd080000,0x00000007fd230000,0x00000007fd280000)
  to   space 2048K, 0% used [0x00000007fce80000,0x00000007fce80000,0x00000007fd080000)
 ParOldGen       total 10752K, used 3248K [0x00000007f0000000, 0x00000007f0a80000, 0x00000007faa80000)
  object space 10752K, 30% used [0x00000007f0000000,0x00000007f032c028,0x00000007f0a80000)
 Metaspace total 12360K, used 12031K, reserved 14336K
  data space     10941K, used 10668K, reserved 12288K
  class space    1419K, used 1362K, reserved 2048K
}
Event: 9.117 GC heap before
{Heap before GC invocations=9 (full 0):
 PSYoungGen      total 38912K, used 38592K [0x00000007faa80000, 0x00000007fd280000, 0x0000000800000000)
  eden space 36864K, 100% used [0x00000007faa80000,0x00000007fce80000,0x00000007fce80000)
  from space 2048K, 84% used [0x00000007fd080000,0x00000007fd230000,0x00000007fd280000)
  to   space 2048K, 0% used [0x00000007fce80000,0x00000007fce80000,0x00000007fd080000)
 ParOldGen       total 10752K, used 3248K [0x00000007f0000000, 0x00000007f0a80000, 0x00000007faa80000)
  object space 10752K, 30% used [0x00000007f0000000,0x00000007f032c028,0x00000007f0a80000)
 Metaspace total 12566K, used 12215K, reserved 14336K
  data space     11138K, used 10843K, reserved 12288K
  class space    1428K, used 1372K, reserved 2048K
Event: 9.173 GC heap after
Heap after GC invocations=9 (full 0):
 PSYoungGen      total 38912K, used 2048K [0x00000007faa80000, 0x00000007fe980000, 0x0000000800000000)
  eden space 36864K, 0% used [0x00000007faa80000,0x00000007faa80000,0x00000007fce80000)
  from space 2048K, 100% used [0x00000007fce80000,0x00000007fd080000,0x00000007fd080000)
  to   space 2560K, 0% used [0x00000007fe700000,0x00000007fe700000,0x00000007fe980000)
 ParOldGen       total 10752K, used 3968K [0x00000007f0000000, 0x00000007f0a80000, 0x00000007faa80000)
  object space 10752K, 36% used [0x00000007f0000000,0x00000007f03e0028,0x00000007f0a80000)
 Metaspace total 12566K, used 12215K, reserved 14336K
  data space     11138K, used 10843K, reserved 12288K
  class space    1428K, used 1372K, reserved 2048K
}

