# JRE version: Java(TM) SE Runtime Environment (7.0_17-b02) (build 1.7.0_17-b02)
# Java VM: OpenJDK 64-Bit Graal VM (25.0-b37-internal-fastdebug mixed mode bsd-amd64 compressed oops)
Heap:
 PSYoungGen      total 14848K, used 13785K [0x00000007faa80000, 0x00000007fbd00000, 0x0000000800000000)
  eden space 13824K, 95% used [0x00000007faa80000,0x00000007fb7665b0,0x00000007fb800000)
  from space 1024K, 56% used [0x00000007fb880000,0x00000007fb910000,0x00000007fb980000)
  to   space 2560K, 0% used [0x00000007fba80000,0x00000007fba80000,0x00000007fbd00000)
 ParOldGen       total 10752K, used 7462K [0x00000007f0000000, 0x00000007f0a80000, 0x00000007faa80000)
  object space 10752K, 69% used [0x00000007f0000000,0x00000007f0749aa8,0x00000007f0a80000)
 Metaspace total 13028K, used 12492K, reserved 14336K
  data space     11463K, used 11118K, reserved 12288K
  class space    1565K, used 1374K, reserved 2048K
GC Heap History (10 events):
Event: 27.533 GC heap before
{Heap before GC invocations=9 (full 0):
 PSYoungGen      total 18432K, used 18272K [0x00000007faa80000, 0x00000007fbf00000, 0x0000000800000000)
  eden space 16384K, 100% used [0x00000007faa80000,0x00000007fba80000,0x00000007fba80000)
  from space 2048K, 92% used [0x00000007fbd00000,0x00000007fbed8000,0x00000007fbf00000)
  to   space 2048K, 0% used [0x00000007fbb00000,0x00000007fbb00000,0x00000007fbd00000)
 ParOldGen       total 10752K, used 3890K [0x00000007f0000000, 0x00000007f0a80000, 0x00000007faa80000)
  object space 10752K, 36% used [0x00000007f0000000,0x00000007f03cc8d0,0x00000007f0a80000)
 Metaspace total 12492K, used 12003K, reserved 14336K
  data space     10951K, used 10648K, reserved 12288K
  class space    1541K, used 1354K, reserved 2048K
Event: 27.572 GC heap after
Heap after GC invocations=9 (full 0):
 PSYoungGen      total 17920K, used 1632K [0x00000007faa80000, 0x00000007fbf00000, 0x0000000800000000)
  eden space 15872K, 0% used [0x00000007faa80000,0x00000007faa80000,0x00000007fba00000)
  from space 2048K, 79% used [0x00000007fbb00000,0x00000007fbc98000,0x00000007fbd00000)
  to   space 2048K, 0% used [0x00000007fbd00000,0x00000007fbd00000,0x00000007fbf00000)
 ParOldGen       total 10752K, used 4762K [0x00000007f0000000, 0x00000007f0a80000, 0x00000007faa80000)
  object space 10752K, 44% used [0x00000007f0000000,0x00000007f04a68d0,0x00000007f0a80000)
 Metaspace total 12492K, used 12003K, reserved 14336K
  data space     10951K, used 10648K, reserved 12288K
  class space    1541K, used 1354K, reserved 2048K
}
Event: 31.591 GC heap before
{Heap before GC invocations=10 (full 0):
 PSYoungGen      total 17920K, used 17504K [0x00000007faa80000, 0x00000007fbf00000, 0x0000000800000000)
  eden space 15872K, 100% used [0x00000007faa80000,0x00000007fba00000,0x00000007fba00000)
  from space 2048K, 79% used [0x00000007fbb00000,0x00000007fbc98000,0x00000007fbd00000)
  to   space 2048K, 0% used [0x00000007fbd00000,0x00000007fbd00000,0x00000007fbf00000)
 ParOldGen       total 10752K, used 4762K [0x00000007f0000000, 0x00000007f0a80000, 0x00000007faa80000)
  object space 10752K, 44% used [0x00000007f0000000,0x00000007f04a68d0,0x00000007f0a80000)
 Metaspace total 12692K, used 12195K, reserved 14336K
  data space     11143K, used 10831K, reserved 12288K
  class space    1549K, used 1363K, reserved 2048K
Event: 31.624 GC heap after
Heap after GC invocations=10 (full 0):
 PSYoungGen      total 16896K, used 1056K [0x00000007faa80000, 0x00000007fbe80000, 0x0000000800000000)
  eden space 15360K, 0% used [0x00000007faa80000,0x00000007faa80000,0x00000007fb980000)
  from space 1536K, 68% used [0x00000007fbd00000,0x00000007fbe08000,0x00000007fbe80000)
  to   space 2048K, 0% used [0x00000007fba80000,0x00000007fba80000,0x00000007fbc80000)
 ParOldGen       total 10752K, used 5635K [0x00000007f0000000, 0x00000007f0a80000, 0x00000007faa80000)
  object space 10752K, 52% used [0x00000007f0000000,0x00000007f0580f60,0x00000007f0a80000)
 Metaspace total 12692K, used 12195K, reserved 14336K
  data space     11143K, used 10831K, reserved 12288K
  class space    1549K, used 1363K, reserved 2048K
}
Event: 35.277 GC heap before
{Heap before GC invocations=11 (full 0):
 PSYoungGen      total 16896K, used 16416K [0x00000007faa80000, 0x00000007fbe80000, 0x0000000800000000)
  eden space 15360K, 100% used [0x00000007faa80000,0x00000007fb980000,0x00000007fb980000)
  from space 1536K, 68% used [0x00000007fbd00000,0x00000007fbe08000,0x00000007fbe80000)
  to   space 2048K, 0% used [0x00000007fba80000,0x00000007fba80000,0x00000007fbc80000)
 ParOldGen       total 10752K, used 5635K [0x00000007f0000000, 0x00000007f0a80000, 0x00000007faa80000)
  object space 10752K, 52% used [0x00000007f0000000,0x00000007f0580f60,0x00000007f0a80000)
 Metaspace total 12820K, used 12280K, reserved 14336K
  data space     11271K, used 10916K, reserved 12288K
  class space    1549K, used 1363K, reserved 2048K
Event: 35.300 GC heap after
Heap after GC invocations=11 (full 0):
 PSYoungGen      total 15360K, used 480K [0x00000007faa80000, 0x00000007fbe00000, 0x0000000800000000)
  eden space 14848K, 0% used [0x00000007faa80000,0x00000007faa80000,0x00000007fb900000)
  from space 512K, 93% used [0x00000007fba80000,0x00000007fbaf8000,0x00000007fbb00000)
  to   space 2560K, 0% used [0x00000007fbb80000,0x00000007fbb80000,0x00000007fbe00000)
 ParOldGen       total 10752K, used 6619K [0x00000007f0000000, 0x00000007f0a80000, 0x00000007faa80000)
  object space 10752K, 61% used [0x00000007f0000000,0x00000007f0676f60,0x00000007f0a80000)
 Metaspace total 12820K, used 12280K, reserved 14336K
  data space     11271K, used 10916K, reserved 12288K
  class space    1549K, used 1363K, reserved 2048K
}
Event: 39.123 GC heap before
{Heap before GC invocations=12 (full 0):
 PSYoungGen      total 15360K, used 15328K [0x00000007faa80000, 0x00000007fbe00000, 0x0000000800000000)
  eden space 14848K, 100% used [0x00000007faa80000,0x00000007fb900000,0x00000007fb900000)
  from space 512K, 93% used [0x00000007fba80000,0x00000007fbaf8000,0x00000007fbb00000)
  to   space 2560K, 0% used [0x00000007fbb80000,0x00000007fbb80000,0x00000007fbe00000)
 ParOldGen       total 10752K, used 6619K [0x00000007f0000000, 0x00000007f0a80000, 0x00000007faa80000)
  object space 10752K, 61% used [0x00000007f0000000,0x00000007f0676f60,0x00000007f0a80000)
 Metaspace total 12884K, used 12360K, reserved 14336K
  data space     11335K, used 10996K, reserved 12288K
  class space    1549K, used 1364K, reserved 2048K
Event: 39.142 GC heap after
Heap after GC invocations=12 (full 0):
 PSYoungGen      total 16384K, used 896K [0x00000007faa80000, 0x00000007fbd80000, 0x0000000800000000)
  eden space 14336K, 0% used [0x00000007faa80000,0x00000007faa80000,0x00000007fb880000)
  from space 2048K, 43% used [0x00000007fbb80000,0x00000007fbc60000,0x00000007fbd80000)
  to   space 2560K, 0% used [0x00000007fb880000,0x00000007fb880000,0x00000007fbb00000)
 ParOldGen       total 10752K, used 7043K [0x00000007f0000000, 0x00000007f0a80000, 0x00000007faa80000)
  object space 10752K, 65% used [0x00000007f0000000,0x00000007f06e0f60,0x00000007f0a80000)
 Metaspace total 12884K, used 12360K, reserved 14336K
  data space     11335K, used 10996K, reserved 12288K
  class space    1549K, used 1364K, reserved 2048K
}
Event: 42.709 GC heap before
{Heap before GC invocations=13 (full 0):
 PSYoungGen      total 16384K, used 15232K [0x00000007faa80000, 0x00000007fbd80000, 0x0000000800000000)
  eden space 14336K, 100% used [0x00000007faa80000,0x00000007fb880000,0x00000007fb880000)
  from space 2048K, 43% used [0x00000007fbb80000,0x00000007fbc60000,0x00000007fbd80000)
  to   space 2560K, 0% used [0x00000007fb880000,0x00000007fb880000,0x00000007fbb00000)
 ParOldGen       total 10752K, used 7043K [0x00000007f0000000, 0x00000007f0a80000, 0x00000007faa80000)
  object space 10752K, 65% used [0x00000007f0000000,0x00000007f06e0f60,0x00000007f0a80000)
 Metaspace total 12956K, used 12423K, reserved 14336K
  data space     11399K, used 11052K, reserved 12288K
  class space    1557K, used 1371K, reserved 2048K
Event: 42.725 GC heap after
Heap after GC invocations=13 (full 0):
 PSYoungGen      total 14848K, used 576K [0x00000007faa80000, 0x00000007fbd00000, 0x0000000800000000)
  eden space 13824K, 0% used [0x00000007faa80000,0x00000007faa80000,0x00000007fb800000)
  from space 1024K, 56% used [0x00000007fb880000,0x00000007fb910000,0x00000007fb980000)
  to   space 2560K, 0% used [0x00000007fba80000,0x00000007fba80000,0x00000007fbd00000)
 ParOldGen       total 10752K, used 7462K [0x00000007f0000000, 0x00000007f0a80000, 0x00000007faa80000)
  object space 10752K, 69% used [0x00000007f0000000,0x00000007f0749aa8,0x00000007f0a80000)
 Metaspace total 12956K, used 12423K, reserved 14336K
  data space     11399K, used 11052K, reserved 12288K
  class space    1557K, used 1371K, reserved 2048K
}

